SF:c2298b25d63df745
DA:0,45
DA:1,45
DA:2,45
DA:12,264
DA:14,264
DA:15,45
DA:16,45
DA:17,45
DA:18,45
DA:19,45
DA:20,45
DA:21,45
DA:22,45
DA:23,45
end_of_record
SF:5b234d8212c65de2
DA:0,55
DA:1,55
DA:7,55
DA:8,55
DA:10,55
DA:11,55
DA:12,55
DA:13,55
DA:14,55
DA:15,55
DA:31,55
DA:34,55
DA:35,55
DA:36,55
DA:37,55
DA:38,59
DA:39,59
DA:45,59
DA:46,59
DA:47,59
DA:53,59
DA:55,59
DA:57,59
DA:58,59
DA:59,59
DA:61,59
DA:62,55
DA:63,55
DA:65,55
DA:66,55
DA:68,55
DA:69,55
DA:70,55
DA:76,55
DA:77,55
DA:79,55
DA:80,55
DA:82,55
DA:84,55
end_of_record
SF:4d1d96a2006273d9
DA:0,15
DA:1,15
DA:2,15
DA:3,15
DA:4,15
DA:5,20
DA:6,20
DA:7,20
DA:8,20
DA:9,20
DA:10,20
DA:11,2
DA:12,18
DA:13,20
DA:22,20
DA:53,61
DA:54,1
DA:55,60
DA:57,60
DA:58,42
DA:59,60
DA:63,60
DA:64,60
DA:65,60
DA:66,42
DA:67,42
DA:68,38
DA:69,60
DA:70,60
DA:71,60
DA:85,45
DA:88,64
DA:89,64
DA:91,64
DA:92,64
DA:93,32
DA:95,32
DA:96,32
DA:97,32
DA:98,32
DA:131,243
DA:133,243
DA:135,243
DA:136,55
DA:137,243
DA:138,243
DA:139,264
DA:141,264
DA:142,264
DA:144,264
DA:145,6
DA:146,264
DA:149,264
DA:150,264
DA:151,264
DA:152,1
DA:153,1
DA:155,1
DA:156,1
DA:157,1
DA:158,1
DA:159,1
DA:160,1
DA:186,80
DA:188,80
DA:190,103
DA:191,118
DA:192,28
end_of_record
SF:269cccbdd68ae15d
DA:5,45
DA:6,45
DA:7,45
DA:8,45
DA:9,45
DA:16,45
DA:123,45
DA:125,45
DA:127,45
DA:129,45
DA:130,45
end_of_record
SF:c1cf7f3e6dc8599b
DA:6,1
DA:7,1
DA:8,1
DA:10,1
DA:53,1
DA:54,1
DA:91,172
DA:92,172
DA:95,172
DA:96,172
DA:97,172
DA:98,172
DA:99,172
DA:101,172
DA:102,172
DA:103,222
DA:104,222
DA:106,222
DA:107,222
DA:108,222
DA:109,222
DA:110,222
DA:111,222
DA:113,222
DA:114,222
DA:115,62
DA:117,62
DA:134,34
DA:135,34
DA:137,19
DA:138,15
DA:139,15
DA:141,45
DA:142,45
DA:143,45
DA:145,45
DA:146,45
DA:147,45
DA:148,45
DA:150,110
DA:151,110
DA:152,110
DA:156,110
DA:157,110
DA:158,99
DA:159,99
DA:160,1
DA:161,98
DA:162,98
DA:163,98
DA:164,45
DA:165,45
DA:167,45
DA:168,45
DA:169,45
DA:174,1
DA:175,1
DA:176,1
DA:177,1
DA:178,1
end_of_record
SF:d786343ed179421a
DA:0,1
end_of_record
SF:f068534545c0ae5e
DA:1,1
DA:2,1
DA:3,1
DA:4,1
DA:5,1
DA:6,1
DA:7,1
DA:8,1
DA:9,1
DA:10,1
DA:11,1
DA:17,1
DA:18,1
DA:19,1
DA:20,1
DA:26,1
end_of_record
SF:52e15cdbd74eb277
DA:0,2
DA:2,949
DA:3,949
DA:4,949
DA:5,22
DA:6,927
DA:7,927
DA:8,44
DA:9,44
DA:11,44
DA:12,44
DA:13,404
DA:14,404
DA:16,404
DA:17,404
end_of_record
SF:8fde61834db7e939
DA:0,110
DA:1,110
DA:2,110
DA:19,61
DA:20,61
DA:21,61
end_of_record
SF:b5517e82ca7372a5
DA:68,44
DA:69,44
DA:70,44
DA:71,44
DA:72,44
DA:75,44
DA:76,44
DA:77,44
DA:78,44
DA:81,44
DA:82,44
DA:83,44
DA:84,44
DA:85,44
DA:86,44
DA:87,44
DA:88,44
DA:89,44
DA:90,44
DA:91,44
DA:92,44
DA:93,44
DA:94,32
DA:95,44
DA:98,44
DA:99,44
DA:100,44
end_of_record
SF:a6c00b5d847ec69d
DA:0,4
DA:2,4
DA:3,4
end_of_record
SF:13c51fbb33958a8b
DA:10,66
DA:12,66
DA:13,2
DA:15,2
DA:23,45
DA:34,22
DA:36,22
DA:38,22
DA:39,22
DA:40,22
DA:41,22
DA:42,22
DA:43,12
DA:44,22
DA:45,44
DA:46,44
DA:47,22
DA:48,22
DA:49,22
DA:50,22
DA:51,22
DA:52,22
DA:56,22
DA:57,22
DA:58,22
DA:59,22
DA:60,22
DA:61,22
DA:62,22
DA:63,22
DA:64,22
DA:65,22
DA:66,22
DA:67,22
DA:68,22
DA:69,22
DA:70,22
DA:71,56
DA:72,55
DA:73,9
DA:75,9
DA:77,9
DA:78,9
DA:85,11
DA:86,11
DA:87,11
DA:88,11
DA:89,11
DA:90,11
DA:91,11
DA:92,11
DA:93,14
DA:94,14
DA:95,14
DA:96,14
DA:97,14
DA:100,482
DA:101,82
DA:102,82
DA:103,82
DA:104,14
DA:105,14
DA:106,28
DA:155,96
DA:156,96
DA:157,96
DA:159,96
DA:160,96
DA:162,96
DA:163,96
DA:164,96
DA:165,96
DA:166,96
DA:172,22
DA:174,22
DA:175,11
DA:176,11
DA:177,55
DA:178,22
DA:179,55
DA:180,11
DA:181,44
DA:183,11
DA:185,11
DA:186,11
DA:187,11
DA:189,11
DA:191,44
DA:193,44
DA:194,44
DA:195,11
DA:197,55
DA:198,55
DA:199,55
DA:200,11
DA:201,11
DA:204,44
DA:206,44
DA:207,44
DA:209,44
DA:211,44
DA:212,762
DA:213,762
DA:214,136
DA:215,136
DA:216,762
DA:217,22
DA:218,740
DA:219,22
DA:223,22
DA:225,22
DA:227,22
DA:291,50
DA:292,50
DA:298,50
DA:299,38
DA:300,12
DA:301,12
DA:302,12
DA:303,12
end_of_record
SF:913ba3e1542f3b72
DA:24,137
DA:25,137
DA:26,137
DA:27,137
DA:28,137
DA:29,137
DA:30,137
DA:31,137
DA:32,137
DA:33,137
DA:34,137
DA:36,137
DA:38,137
DA:39,137
DA:41,137
DA:42,137
DA:43,137
DA:44,137
DA:45,137
DA:46,137
DA:47,137
DA:51,137
DA:52,137
DA:53,127
DA:59,127
DA:60,127
DA:62,127
DA:63,10
DA:71,10
DA:72,10
DA:73,10
DA:77,10
DA:78,10
DA:79,10
DA:80,10
DA:81,10
DA:82,10
DA:341,45
DA:342,182
DA:343,182
DA:344,127
DA:345,182
DA:346,137
DA:347,45
DA:348,45
DA:349,45
end_of_record
SF:66362153972b0de4
DA:0,2
DA:1,2
DA:2,2
DA:3,2
DA:4,2
DA:5,2
DA:6,2
DA:7,2
DA:8,2
DA:9,2
DA:10,2
DA:11,2
DA:12,2
DA:13,2
DA:14,2
DA:15,2
DA:16,2
DA:17,2
DA:18,2
DA:19,2
end_of_record
SF:83245734f9789455
DA:0,2
DA:1,2
DA:2,2
DA:3,2
DA:4,2
DA:5,2
DA:6,1
DA:7,1
DA:8,2
end_of_record
SF:4f66e8bb4de11927
DA:0,1
DA:3,1
DA:4,1
DA:5,1
DA:6,1
DA:7,1
DA:8,1
DA:9,1
end_of_record
SF:3d70c972f4ef326f
DA:0,1
DA:1,2
DA:2,11
DA:3,12
DA:4,12
DA:5,12
DA:6,12
DA:7,1
DA:8,1
DA:12,1
end_of_record
SF:4f84f0283d6a7563
DA:0,1
DA:1,1
DA:2,1
DA:3,1
DA:4,1
DA:5,1
DA:6,1
DA:7,1
DA:8,1
DA:9,1
DA:10,1
DA:11,11
DA:12,1
DA:13,1
DA:14,1
DA:16,1
DA:18,1
DA:19,11
DA:20,11
DA:21,11
DA:22,11
DA:36,14
DA:37,14
DA:38,14
end_of_record
SF:03babe873f48cbe5
DA:0,5
DA:1,5
DA:2,5
DA:3,9
DA:4,9
DA:5,9
DA:6,1
DA:7,1
DA:8,1
DA:9,1
DA:10,1
DA:11,1
DA:12,1
DA:13,1
DA:14,1
DA:15,1
DA:16,1
DA:17,1
DA:18,1
DA:19,1
end_of_record
SF:d7070a42213205f8
DA:0,14
DA:1,96
DA:2,60
DA:3,60
DA:4,60
DA:5,60
DA:6,60
DA:7,60
DA:8,25
DA:9,25
DA:10,25
DA:11,35
DA:12,4
DA:13,36
DA:14,16
DA:16,16
DA:17,16
DA:18,16
DA:19,20
DA:20,4
DA:22,4
DA:23,37
DA:24,21
DA:25,16
DA:26,16
DA:27,16
DA:28,7
DA:29,3
DA:30,5
DA:31,1
DA:33,32
DA:34,84
DA:35,16
DA:36,16
DA:37,20
DA:38,17
DA:39,12
DA:40,2
DA:42,1
DA:44,1
DA:46,93
DA:47,25
DA:48,25
DA:49,25
DA:50,25
DA:51,25
DA:52,2
DA:53,25
DA:54,4
DA:55,25
DA:56,14
DA:57,10
DA:58,10
DA:59,10
DA:61,10
DA:62,4
end_of_record
